
New features for DRG CMS version up to 0.5.51.1
    Rails version 5.1 compatibility
    Ruby version 2.3 is now required
    select field with multiple can now properly process non BSON array values
    DRG CMS Form readonly field with readonly : yes option will not be saved to database on save
    dc_dummy collection will be deprecated and replaced with dc_memory collection. Name was chosen unfortunately  
    DrgForms can now be used for editing YAML settings saved in dc_page document. This enables editing dynamic settings of elements embedded in design
    cms_edit url can now be used only as cms 

Bugs resolved for DRG CMS version up to 0.5.51.1
    journal is now able to undelete deleted document

New features for DRG CMS version up to 0.5.50.4
    Rails 5.0 compatibility
    category types can now be defined in dc_big_table under dc_category_type key
    DrgCms gem routes can now be defined as DrgCms.routes
    new field tree_select added to DRG CMS Forms. Tree select will be used as data entry field for categories instead of select field with multiple option
    switch to Rails concern for main model definitions which may be reused.
    site policy can be inherited from other site
    menus can now belong to site
    clear_link method is now a class method of DcPage model and can thus be called directly from other parts of application

Bugs resolved for DRG CMS version up to 0.5.50.4
    journal is now able to undelete deleted document


New features for DRG CMS version 0.5.10.14
    table_style added to result_set DRGCMS Forms option. This allows CSS style like width: 150% which will result in horizontal scroler on table and view more columns on result set.
    result_set filter now has is empty option allowing to filter fields with null value.
    filter OFF icon now displays currently active filter when hovered.
    request_process field added to dc_site collection. It allowis for site to have different requests processing as defined in rails routes file. Single rails instance can now mix single document sites with complex sites.
    multiple option is added to DRGCMS Forms select_field. 
    is_email? class method added to dc_user model.
    form generator has now list of all model fields added at the end of generated form. Field names can be used as template in YAML translation file.
    dc_choices4_field method implemented. It returns choices that are defined in localization files.
    categories field changed from multitext_autocomplete to select field with multiple options.
    a poll form can now be surrounded by div tag thus allowing for additional styling of polls
    drgcms_controlls files can now also be defined only as control files.
    journal documents can now be filtered by document id
    CMS menu redesigned. Instead of pulldown menus are now displayed fixed on the left side of edit area

Bugs resolved for DRG CMS version 0.5.10.14
    prevent double form submit when browser is restarted.
    when user has no role defined guest role is automatically applied
    dc_cleanup rake task deletes 1000 session documents created by robots at once instead of all which ended in error if number of documents was higher then 100.000


New features for DRG CMS version 0.5.10

    jQuery javascript library forced to jQuery2
    Choices for select fields are now UTF-8 sorted since MongoDB does not provide utf sorting.
    Placeholder text added for text_autocomplete field. It can also be defined in form field html options.
    Filters option can now have "like" keyword for fields that are not defined on form. For example created_by like user_id.
    
Bugs resolved for DRG CMS version 0.5.10

    jQuery migrate udated to version 1.3. This was required by jquery-rails gem which included latest version of jQuery which resulted in an runtime error.
    Call before_new callback only when new empty record has been created.

--

New features for DRG CMS version 0.5.9

    Main CMS menu was becoming to large and was divided into two menus.
    Result set browse filter data entry redesigned. Values can now be entered directly on actions area. Value of entered fied is also retained beetwen calls. 
    New DcInternals model introduced. It will be used for accessing internal variables.
    DRG Forms has new option columns. Option defines number of columns per tab or fields. Field option also got colspan option indicating over how many columns field spans.
    DRG Forms field size can now also be defined on same level as field type. Before it was defined in html sublevel.
    
Bugs resolved for DRG CMS version 0.5.9

    Improved readonly display of select and text_autocomplete DRG Forms fields.
    Text_autocomplete field is set to nil when content of field is deleted.

--

New features for DRG CMS version 0.5.8

    Browsing array of hashes is now possible with DRG Forms
    Simple browsing of all defined models and field definitions added to CMS System menu
    new result_set options table_style, table_class, tr_style, tr_class, td_style, td_class. Welcome colors to result_set browser
    result_set has been renewed for more modern design. Header elements have now sorting icons
    dblclick and click actions can now be defined on result set and can fire any action when clicked or double clicked on result set row.

Bugs resolved for DRG CMS version 0.5.8

    associated menu can now be selected on dc_page form also for non dc_simple_menu menus

--

New features for DRG CMS version 0.5.7

    single site document. All data for the site can be saved to single dc_site document and processed by dc_single_sitedoc_request
    site parts can now also be saved and collected from dc_site document
    CMS menu done right
    Page title is now set from dc_page_renderer default method

Bugs resolved for DRG CMS version 0.5.7

    Corrected bug when multitext_autocomplete field was not displaying right values when displayed readonly

    dc_choices4 now checks if model has active field defined and returns only choices of documents that have active field value set to true

    Design and page edit icons are now displayed only when design or page documents are available

    return_to from drgcms_control was not properly handled

    Mouse cursor now changes to pointer when moved over ajax link
